# JRE version: Java(TM) SE Runtime Environment 18.9 (11.0.9+7) (build 11.0.9+7-LTS)
# Java VM: Java HotSpot(TM) 64-Bit Server VM 18.9 (11.0.9+7-LTS, mixed mode, tiered, compressed oops, g1 gc, bsd-amd64)
Heap:
 garbage-first heap   total 157696K, used 13983K [0x0000000780000000, 0x0000000800000000)
  region size 1024K, 8 young (8192K), 7 survivors (7168K)
 Metaspace       used 29497K, capacity 30493K, committed 30640K, reserved 1075200K
  class space    used 3660K, capacity 4036K, committed 4096K, reserved 1048576K
GC Heap History (10 events):
Event: 1.455 GC heap before
{Heap before GC invocations=2 (full 0):
 garbage-first heap   total 131072K, used 31186K [0x0000000780000000, 0x0000000800000000)
  region size 1024K, 25 young (25600K), 1 survivors (1024K)
 Metaspace       used 15127K, capacity 15542K, committed 15744K, reserved 1062912K
  class space    used 1628K, capacity 1816K, committed 1920K, reserved 1048576K
}
Event: 1.459 GC heap after
{Heap after GC invocations=3 (full 0):
 garbage-first heap   total 131072K, used 8197K [0x0000000780000000, 0x0000000800000000)
  region size 1024K, 2 young (2048K), 2 survivors (2048K)
 Metaspace       used 15127K, capacity 15542K, committed 15744K, reserved 1062912K
  class space    used 1628K, capacity 1816K, committed 1920K, reserved 1048576K
}
Event: 1.798 GC heap before
{Heap before GC invocations=3 (full 0):
 garbage-first heap   total 131072K, used 43013K [0x0000000780000000, 0x0000000800000000)
  region size 1024K, 37 young (37888K), 2 survivors (2048K)
 Metaspace       used 17795K, capacity 18399K, committed 18688K, reserved 1064960K
  class space    used 1982K, capacity 2225K, committed 2304K, reserved 1048576K
}
Event: 1.805 GC heap after
{Heap after GC invocations=4 (full 0):
 garbage-first heap   total 131072K, used 8861K [0x0000000780000000, 0x0000000800000000)
  region size 1024K, 2 young (2048K), 2 survivors (2048K)
 Metaspace       used 17795K, capacity 18399K, committed 18688K, reserved 1064960K
  class space    used 1982K, capacity 2225K, committed 2304K, reserved 1048576K
}
Event: 2.052 GC heap before
{Heap before GC invocations=4 (full 0):
 garbage-first heap   total 131072K, used 25245K [0x0000000780000000, 0x0000000800000000)
  region size 1024K, 19 young (19456K), 2 survivors (2048K)
 Metaspace       used 20527K, capacity 21114K, committed 21296K, reserved 1069056K
  class space    used 2373K, capacity 2637K, committed 2688K, reserved 1048576K
}
Event: 2.057 GC heap after
{Heap after GC invocations=5 (full 0):
 garbage-first heap   total 157696K, used 9573K [0x0000000780000000, 0x0000000800000000)
  region size 1024K, 3 young (3072K), 3 survivors (3072K)
 Metaspace       used 20527K, capacity 21114K, committed 21296K, reserved 1069056K
  class space    used 2373K, capacity 2637K, committed 2688K, reserved 1048576K
}
Event: 3.186 GC heap before
{Heap before GC invocations=6 (full 0):
 garbage-first heap   total 157696K, used 68965K [0x0000000780000000, 0x0000000800000000)
  region size 1024K, 62 young (63488K), 3 survivors (3072K)
 Metaspace       used 27090K, capacity 27953K, committed 28208K, reserved 1073152K
  class space    used 3321K, capacity 3666K, committed 3712K, reserved 1048576K
}
Event: 3.197 GC heap after
{Heap after GC invocations=7 (full 0):
 garbage-first heap   total 157696K, used 11510K [0x0000000780000000, 0x0000000800000000)
  region size 1024K, 5 young (5120K), 5 survivors (5120K)
 Metaspace       used 27090K, capacity 27953K, committed 28208K, reserved 1073152K
  class space    used 3321K, capacity 3666K, committed 3712K, reserved 1048576K
}
Event: 4.034 GC heap before
{Heap before GC invocations=7 (full 0):
 garbage-first heap   total 157696K, used 86262K [0x0000000780000000, 0x0000000800000000)
  region size 1024K, 79 young (80896K), 5 survivors (5120K)
 Metaspace       used 29468K, capacity 30461K, committed 30640K, reserved 1075200K
  class space    used 3654K, capacity 4004K, committed 4096K, reserved 1048576K
}
Event: 4.048 GC heap after
{Heap after GC invocations=8 (full 0):
 garbage-first heap   total 157696K, used 13983K [0x0000000780000000, 0x0000000800000000)
  region size 1024K, 7 young (7168K), 7 survivors (7168K)
 Metaspace       used 29468K, capacity 30461K, committed 30640K, reserved 1075200K
  class space    used 3654K, capacity 4004K, committed 4096K, reserved 1048576K
}

